0 info it worked if it ends with ok
1 verbose cli [ 'C:\\Program Files\\nodejs\\node.exe',
1 verbose cli   'C:\\Program Files\\nodejs\\node_modules\\npm\\bin\\npm-cli.js',
1 verbose cli   'run',
1 verbose cli   'create' ]
2 info using npm@3.10.10
3 info using node@v6.11.5
4 verbose run-script [ 'precreate', 'create', 'postcreate' ]
5 info lifecycle npm@1.0.0~precreate: npm@1.0.0
6 silly lifecycle npm@1.0.0~precreate: no script for precreate, continuing
7 info lifecycle npm@1.0.0~create: npm@1.0.0
8 verbose lifecycle npm@1.0.0~create: unsafe-perm in lifecycle true
9 verbose lifecycle npm@1.0.0~create: PATH: C:\Program Files\nodejs\node_modules\npm\bin\node-gyp-bin;C:\Users\moder\Desktop\npm\node_modules\.bin;C:\Program Files (x86)\Intel\iCLS Client\;C:\Program Files\Intel\iCLS Client\;C:\WINDOWS\system32;C:\WINDOWS;C:\WINDOWS\System32\Wbem;C:\WINDOWS\System32\WindowsPowerShell\v1.0\;C:\Program Files (x86)\Intel\Intel(R) Management Engine Components\DAL;C:\Program Files\Intel\Intel(R) Management Engine Components\DAL;C:\Program Files (x86)\Intel\Intel(R) Management Engine Components\IPT;C:\Program Files\Intel\Intel(R) Management Engine Components\IPT;C:\Program Files\Intel\WiFi\bin\;C:\Program Files\Common Files\Intel\WirelessCommon\;C:\Program Files\Git\cmd;C:\Program Files (x86)\GtkSharp\2.12\bin;C:\Program Files\nodejs\;"C:\Users\moder\AppData\Local\Microsoft\WindowsApps;C:Program Files\nodejs";C:\Users\moder\AppData\Roaming\npm;;C:\Users\moder\AppData\Local\Microsoft\WindowsApps
10 verbose lifecycle npm@1.0.0~create: CWD: C:\Users\moder\Desktop\npm
11 silly lifecycle npm@1.0.0~create: Args: [ '/d /s /c', 'webpack' ]
12 silly lifecycle npm@1.0.0~create: Returned: code: 4294967295  signal: null
13 info lifecycle npm@1.0.0~create: Failed to exec create script
14 verbose stack Error: npm@1.0.0 create: `webpack`
14 verbose stack Exit status 4294967295
14 verbose stack     at EventEmitter.<anonymous> (C:\Program Files\nodejs\node_modules\npm\lib\utils\lifecycle.js:255:16)
14 verbose stack     at emitTwo (events.js:106:13)
14 verbose stack     at EventEmitter.emit (events.js:191:7)
14 verbose stack     at ChildProcess.<anonymous> (C:\Program Files\nodejs\node_modules\npm\lib\utils\spawn.js:40:14)
14 verbose stack     at emitTwo (events.js:106:13)
14 verbose stack     at ChildProcess.emit (events.js:191:7)
14 verbose stack     at maybeClose (internal/child_process.js:920:16)
14 verbose stack     at Process.ChildProcess._handle.onexit (internal/child_process.js:230:5)
15 verbose pkgid npm@1.0.0
16 verbose cwd C:\Users\moder\Desktop\npm
17 error Windows_NT 10.0.16299
18 error argv "C:\\Program Files\\nodejs\\node.exe" "C:\\Program Files\\nodejs\\node_modules\\npm\\bin\\npm-cli.js" "run" "create"
19 error node v6.11.5
20 error npm  v3.10.10
21 error code ELIFECYCLE
22 error npm@1.0.0 create: `webpack`
22 error Exit status 4294967295
23 error Failed at the npm@1.0.0 create script 'webpack'.
23 error Make sure you have the latest version of node.js and npm installed.
23 error If you do, this is most likely a problem with the npm package,
23 error not with npm itself.
23 error Tell the author that this fails on your system:
23 error     webpack
23 error You can get information on how to open an issue for this project with:
23 error     npm bugs npm
23 error Or if that isn't available, you can get their info via:
23 error     npm owner ls npm
23 error There is likely additional logging output above.
24 verbose exit [ 1, true ]
